<?xml version="1.0" encoding="UTF-8"?>
<!-- Generated by org.testng.reporters.JUnitXMLReporter -->
<testsuite ignored="0" hostname="DESKTOP-858PIU1" failures="0" tests="4" name="Default test" time="0.104" errors="0" timestamp="13 Sep 2022 10:08:25 GMT">
  <testcase classname="A2_Annotations.A12_BeforeClassAfterClass" name="book" time="0.009"/>
  <testcase classname="A2_Annotations.A12_BeforeClassAfterClass" name="cancel" time="0.002"/>
  <testcase classname="A2_Annotations.A12_BeforeClassAfterClass" name="login" time="0.003"/>
  <testcase classname="A2_Annotations.A12_BeforeClassAfterClass" name="search" time="0.003"/>
</testsuite> <!-- Default test -->
