<?xml version="1.0" encoding="UTF-8"?>
<testng-results ignored="0" total="1" passed="1" failed="0" skipped="0">
  <reporter-output>
  </reporter-output>
  <suite started-at="2022-06-21T11:08:47Z" name="Default suite" finished-at="2022-06-21T11:09:18Z" duration-ms="30704">
    <groups>
    </groups>
    <test started-at="2022-06-21T11:08:47Z" name="Default test" finished-at="2022-06-21T11:09:18Z" duration-ms="30704">
      <class name="testcases.LoginTest">
        <test-method signature="loginTest()[pri:0, instance:testcases.LoginTest@501edcf1]" started-at="2022-06-21T16:38:47Z" name="loginTest" finished-at="2022-06-21T16:39:18Z" duration-ms="30635" status="PASS">
          <reporter-output>
          </reporter-output>
        </test-method> <!-- loginTest -->
      </class> <!-- testcases.LoginTest -->
    </test> <!-- Default test -->
  </suite> <!-- Default suite -->
</testng-results>
