<?xml version="1.0" encoding="UTF-8"?>
<testng-results ignored="0" total="2" passed="2" failed="0" skipped="0">
  <reporter-output>
  </reporter-output>
  <suite started-at="2022-04-29T08:43:59Z" name="Default suite" finished-at="2022-04-29T08:44:25Z" duration-ms="25620">
    <groups>
    </groups>
    <test started-at="2022-04-29T08:43:59Z" name="Default test" finished-at="2022-04-29T08:44:25Z" duration-ms="25620">
      <class name="tests.LoginTest">
        <test-method signature="loginTest(java.lang.String, java.lang.String, java.lang.String, java.lang.String, java.lang.String, java.lang.String, java.lang.String)[pri:0, instance:tests.LoginTest@78047b92]" started-at="2022-04-29T14:13:59Z" name="loginTest" data-provider="product" finished-at="2022-04-29T14:14:15Z" duration-ms="15857" status="PASS">
          <params>
            <param index="0">
              <value>
                <![CDATA[Krithika]]>
              </value>
            </param>
            <param index="1">
              <value>
                <![CDATA[Keerthi@15]]>
              </value>
            </param>
            <param index="2">
              <value>
                <![CDATA[aaaaa]]>
              </value>
            </param>
            <param index="3">
              <value>
                <![CDATA[1111111]]>
              </value>
            </param>
            <param index="4">
              <value>
                <![CDATA[aaaa@gmail.com]]>
              </value>
            </param>
            <param index="5">
              <value>
                <![CDATA[10]]>
              </value>
            </param>
            <param index="6">
              <value>
                <![CDATA[aaaaaaaaa]]>
              </value>
            </param>
          </params>
          <reporter-output>
          </reporter-output>
        </test-method> <!-- loginTest -->
        <test-method signature="loginTest(java.lang.String, java.lang.String, java.lang.String, java.lang.String, java.lang.String, java.lang.String, java.lang.String)[pri:0, instance:tests.LoginTest@78047b92]" started-at="2022-04-29T14:14:15Z" name="loginTest" data-provider="product" finished-at="2022-04-29T14:14:25Z" duration-ms="9700" status="PASS">
          <params>
            <param index="0">
              <value>
                <![CDATA[Krithika]]>
              </value>
            </param>
            <param index="1">
              <value>
                <![CDATA[Keerthi@15]]>
              </value>
            </param>
            <param index="2">
              <value>
                <![CDATA[bbbbb]]>
              </value>
            </param>
            <param index="3">
              <value>
                <![CDATA[22222222]]>
              </value>
            </param>
            <param index="4">
              <value>
                <![CDATA[bbbbb@gmail.com]]>
              </value>
            </param>
            <param index="5">
              <value>
                <![CDATA[20]]>
              </value>
            </param>
            <param index="6">
              <value>
                <![CDATA[bbbbbbbb]]>
              </value>
            </param>
          </params>
          <reporter-output>
          </reporter-output>
        </test-method> <!-- loginTest -->
      </class> <!-- tests.LoginTest -->
    </test> <!-- Default test -->
  </suite> <!-- Default suite -->
</testng-results>
