<?xml version="1.0" encoding="UTF-8"?>
<!-- Generated by org.testng.reporters.JUnitXMLReporter -->
<testsuite ignored="3" hostname="DESKTOP-858PIU1" failures="0" tests="2" name="Test" time="0.069" errors="0" timestamp="20 Mar 2022 09:13:43 GMT">
  <testcase classname="A6_Groups.A20_Group" name="cancel" time="0.016"/>
  <testcase classname="A6_Groups.A20_Group" name="logout" time="0.002"/>
  <testcase classname="A6_Groups.A20_Group" name="booking" time="0.0">
    <ignored/>
  </testcase> <!-- booking -->
  <testcase classname="A6_Groups.A20_Group" name="search" time="0.0">
    <ignored/>
  </testcase> <!-- search -->
  <testcase classname="A6_Groups.A20_Group" name="login" time="0.0">
    <ignored/>
  </testcase> <!-- login -->
</testsuite> <!-- Test -->
