<?xml version="1.0" encoding="UTF-8"?>
<testng-results ignored="0" total="4" passed="4" failed="0" skipped="0">
  <reporter-output>
  </reporter-output>
  <suite started-at="2022-09-13T10:08:25Z" name="Default suite" finished-at="2022-09-13T10:08:25Z" duration-ms="104">
    <groups>
    </groups>
    <test started-at="2022-09-13T10:08:25Z" name="Default test" finished-at="2022-09-13T10:08:25Z" duration-ms="104">
      <class name="A2_Annotations.A12_BeforeClassAfterClass">
        <test-method is-config="true" signature="startNetwork()[pri:0, instance:A2_Annotations.A12_BeforeClassAfterClass@1d76aeea]" started-at="2022-09-13T15:38:25Z" name="startNetwork" finished-at="2022-09-13T15:38:25Z" duration-ms="19" status="PASS">
          <reporter-output>
          </reporter-output>
        </test-method> <!-- startNetwork -->
        <test-method is-config="true" signature="browser()[pri:0, instance:A2_Annotations.A12_BeforeClassAfterClass@1d76aeea]" started-at="2022-09-13T15:38:25Z" name="browser" finished-at="2022-09-13T15:38:25Z" duration-ms="0" status="PASS">
          <reporter-output>
          </reporter-output>
        </test-method> <!-- browser -->
        <test-method signature="book()[pri:0, instance:A2_Annotations.A12_BeforeClassAfterClass@1d76aeea]" started-at="2022-09-13T15:38:25Z" name="book" finished-at="2022-09-13T15:38:25Z" duration-ms="9" status="PASS">
          <reporter-output>
          </reporter-output>
        </test-method> <!-- book -->
        <test-method is-config="true" signature="browserClosed()[pri:0, instance:A2_Annotations.A12_BeforeClassAfterClass@1d76aeea]" started-at="2022-09-13T15:38:25Z" name="browserClosed" finished-at="2022-09-13T15:38:25Z" duration-ms="1" status="PASS">
          <reporter-output>
          </reporter-output>
        </test-method> <!-- browserClosed -->
        <test-method is-config="true" signature="browser()[pri:0, instance:A2_Annotations.A12_BeforeClassAfterClass@1d76aeea]" started-at="2022-09-13T15:38:25Z" name="browser" finished-at="2022-09-13T15:38:25Z" duration-ms="1" status="PASS">
          <reporter-output>
          </reporter-output>
        </test-method> <!-- browser -->
        <test-method signature="cancel()[pri:0, instance:A2_Annotations.A12_BeforeClassAfterClass@1d76aeea]" started-at="2022-09-13T15:38:25Z" name="cancel" finished-at="2022-09-13T15:38:25Z" duration-ms="2" status="PASS">
          <reporter-output>
          </reporter-output>
        </test-method> <!-- cancel -->
        <test-method is-config="true" signature="browserClosed()[pri:0, instance:A2_Annotations.A12_BeforeClassAfterClass@1d76aeea]" started-at="2022-09-13T15:38:25Z" name="browserClosed" finished-at="2022-09-13T15:38:25Z" duration-ms="0" status="PASS">
          <reporter-output>
          </reporter-output>
        </test-method> <!-- browserClosed -->
        <test-method signature="login()[pri:0, instance:A2_Annotations.A12_BeforeClassAfterClass@1d76aeea]" started-at="2022-09-13T15:38:25Z" name="login" finished-at="2022-09-13T15:38:25Z" duration-ms="3" status="PASS">
          <reporter-output>
          </reporter-output>
        </test-method> <!-- login -->
        <test-method is-config="true" signature="browser()[pri:0, instance:A2_Annotations.A12_BeforeClassAfterClass@1d76aeea]" started-at="2022-09-13T15:38:25Z" name="browser" finished-at="2022-09-13T15:38:25Z" duration-ms="0" status="PASS">
          <reporter-output>
          </reporter-output>
        </test-method> <!-- browser -->
        <test-method is-config="true" signature="browserClosed()[pri:0, instance:A2_Annotations.A12_BeforeClassAfterClass@1d76aeea]" started-at="2022-09-13T15:38:25Z" name="browserClosed" finished-at="2022-09-13T15:38:25Z" duration-ms="1" status="PASS">
          <reporter-output>
          </reporter-output>
        </test-method> <!-- browserClosed -->
        <test-method is-config="true" signature="browser()[pri:0, instance:A2_Annotations.A12_BeforeClassAfterClass@1d76aeea]" started-at="2022-09-13T15:38:25Z" name="browser" finished-at="2022-09-13T15:38:25Z" duration-ms="2" status="PASS">
          <reporter-output>
          </reporter-output>
        </test-method> <!-- browser -->
        <test-method signature="search()[pri:0, instance:A2_Annotations.A12_BeforeClassAfterClass@1d76aeea]" started-at="2022-09-13T15:38:25Z" name="search" finished-at="2022-09-13T15:38:25Z" duration-ms="3" status="PASS">
          <reporter-output>
          </reporter-output>
        </test-method> <!-- search -->
        <test-method is-config="true" signature="closeNetwork()[pri:0, instance:A2_Annotations.A12_BeforeClassAfterClass@1d76aeea]" started-at="2022-09-13T15:38:25Z" name="closeNetwork" finished-at="2022-09-13T15:38:25Z" duration-ms="1" status="PASS">
          <reporter-output>
          </reporter-output>
        </test-method> <!-- closeNetwork -->
        <test-method is-config="true" signature="browserClosed()[pri:0, instance:A2_Annotations.A12_BeforeClassAfterClass@1d76aeea]" started-at="2022-09-13T15:38:25Z" name="browserClosed" finished-at="2022-09-13T15:38:25Z" duration-ms="0" status="PASS">
          <reporter-output>
          </reporter-output>
        </test-method> <!-- browserClosed -->
      </class> <!-- A2_Annotations.A12_BeforeClassAfterClass -->
    </test> <!-- Default test -->
  </suite> <!-- Default suite -->
</testng-results>
