<?xml version="1.0" encoding="UTF-8"?>
<!-- Generated by org.testng.reporters.JUnitXMLReporter -->
<testsuite ignored="0" hostname="DESKTOP-858PIU1" failures="0" tests="4" name="Default test" time="92.453" errors="0" timestamp="22 Mar 2022 01:44:50 GMT">
  <testcase classname="com.vcentry.product.testcases.ProductPageTest" name="validateProductPage" time="38.375"/>
  <testcase classname="com.vcentry.product.testcases.ProductPageTest" name="validateProductPage" time="17.897"/>
  <testcase classname="com.vcentry.product.testcases.ProductPageTest" name="validateProductPage" time="14.102"/>
  <testcase classname="com.vcentry.product.testcases.ProductPageTest" name="validateProductPage" time="18.882"/>
</testsuite> <!-- Default test -->
